[WebSvr][Start] running at http://127.0.0.1:8124/
[WebSvr][Start]: 252ms
[ '/welcome' ]
/Users/a2014-280/hetweb/thrush/db.js:13
	self.stack[key] = data[0];
	                ^
TypeError: Cannot set property 'undefined' of undefined
    at _cbk (/Users/a2014-280/hetweb/thrush/db.js:13:18)
    at /Users/a2014-280/hetweb/thrush/db.js:34:4
    at /Users/a2014-280/hetweb/thrush/node_modules/orm/lib/ChainFind.js:213:72
    at /Users/a2014-280/hetweb/thrush/node_modules/orm/lib/Singleton.js:34:10
    at Object.<anonymous> (/Users/a2014-280/hetweb/thrush/node_modules/orm/lib/Model.js:124:12)
    at /Users/a2014-280/hetweb/thrush/node_modules/orm/lib/Instance.js:28:7
    at Array.map (native)
    at Instance.emitEvent (/Users/a2014-280/hetweb/thrush/node_modules/orm/lib/Instance.js:27:17)
    at /Users/a2014-280/hetweb/thrush/node_modules/orm/lib/Instance.js:748:4
    at process._tickCallback (node.js:339:11)
[WebSvr][Start] running at http://127.0.0.1:8124/
[WebSvr][Start]: 70ms
[WebSvr][Start] running at http://127.0.0.1:8124/
[WebSvr][Start]: 71ms
[ '/welcome' ]
<Buffer 2f 2a 0a 2a 66 61 73 74 65 72 20 6a 61 76 61 73 63 72 69 70 74 20 6d 6f 64 75 6c 65 20 70 61 63 6b 61 67 65 20 6d 61 6e 61 67 65 72 0a 2a 40 61 75 74 ... >
<Buffer 2f 2a 2a 0a 2a 20 63 73 73 20 72 65 73 65 74 0a 2a 2a 2f 0a 68 74 6d 6c 2c 20 62 6f 64 79 2c 20 64 69 76 2c 20 68 31 2c 20 68 32 2c 20 68 33 2c 20 68 ... >
<Buffer 2e 77 72 61 70 7b 0a 09 77 69 64 74 68 3a 20 39 36 30 70 78 3b 0a 7d>
<Buffer 66 6d 6c 2e 64 65 66 69 6e 65 28 27 70 61 67 65 2f 77 65 6c 63 6f 6d 65 27 2c 20 5b 27 6a 71 75 65 72 79 27 5d 2c 20 66 75 6e 63 74 69 6f 6e 28 72 65 ... >
<Buffer 66 6d 6c 2e 64 65 66 69 6e 65 28 27 6a 71 75 65 72 79 27 2c 66 75 6e 63 74 69 6f 6e 28 29 7b 0a 09 28 66 75 6e 63 74 69 6f 6e 28 61 2c 62 29 7b 66 75 ... >
