0 info it worked if it ends with ok
1 verbose cli [ '/usr/local/Cellar/node/7.7.1/bin/node',
1 verbose cli   '/usr/local/bin/npm',
1 verbose cli   'install' ]
2 info using npm@4.1.2
3 info using node@v7.7.1
4 silly loadCurrentTree Starting
5 silly install loadCurrentTree
6 silly install readLocalPackageData
7 silly install normalizeTree
8 silly loadCurrentTree Finishing
9 silly loadIdealTree Starting
10 silly install loadIdealTree
11 silly cloneCurrentTree Starting
12 silly install cloneCurrentTreeToIdealTree
13 silly cloneCurrentTree Finishing
14 silly loadShrinkwrap Starting
15 silly install loadShrinkwrap
16 silly loadShrinkwrap Finishing
17 silly loadAllDepsIntoIdealTree Starting
18 silly install loadAllDepsIntoIdealTree
19 silly fetchNamedPackageData nodemailer
20 silly mapToRegistry name nodemailer
21 silly mapToRegistry using default registry
22 silly mapToRegistry registry https://registry.npmjs.org/
23 silly mapToRegistry data Result {
23 silly mapToRegistry   raw: 'nodemailer',
23 silly mapToRegistry   scope: null,
23 silly mapToRegistry   escapedName: 'nodemailer',
23 silly mapToRegistry   name: 'nodemailer',
23 silly mapToRegistry   rawSpec: '',
23 silly mapToRegistry   spec: 'latest',
23 silly mapToRegistry   type: 'tag' }
24 silly mapToRegistry uri https://registry.npmjs.org/nodemailer
25 verbose request uri https://registry.npmjs.org/nodemailer
26 verbose request no auth needed
27 info attempt registry request try #1 at 下午4:08:08
28 verbose request id bc766149f97cb910
29 http request GET https://registry.npmjs.org/nodemailer
30 info retry will retry, error on last attempt: Error: getaddrinfo ENOTFOUND registry.npmjs.org registry.npmjs.org:443
31 info attempt registry request try #2 at 下午4:08:33
32 http request GET https://registry.npmjs.org/nodemailer
33 info retry will retry, error on last attempt: Error: getaddrinfo ENOTFOUND registry.npmjs.org registry.npmjs.org:443
34 info attempt registry request try #3 at 下午4:09:33
35 http request GET https://registry.npmjs.org/nodemailer
36 silly fetchPackageMetaData Error: getaddrinfo ENOTFOUND registry.npmjs.org registry.npmjs.org:443
36 silly fetchPackageMetaData     at errnoException (dns.js:28:10)
36 silly fetchPackageMetaData     at GetAddrInfoReqWrap.onlookup [as oncomplete] (dns.js:73:26)
36 silly fetchPackageMetaData  error for nodemailer@ { Error: getaddrinfo ENOTFOUND registry.npmjs.org registry.npmjs.org:443
36 silly fetchPackageMetaData     at errnoException (dns.js:28:10)
36 silly fetchPackageMetaData     at GetAddrInfoReqWrap.onlookup [as oncomplete] (dns.js:73:26)
36 silly fetchPackageMetaData   code: 'ENOTFOUND',
36 silly fetchPackageMetaData   errno: 'ENOTFOUND',
36 silly fetchPackageMetaData   syscall: 'getaddrinfo',
36 silly fetchPackageMetaData   hostname: 'registry.npmjs.org',
36 silly fetchPackageMetaData   host: 'registry.npmjs.org',
36 silly fetchPackageMetaData   port: 443 }
37 silly rollbackFailedOptional Starting
38 silly rollbackFailedOptional Finishing
39 silly runTopLevelLifecycles Finishing
40 silly install printInstalled
41 verbose stack Error: getaddrinfo ENOTFOUND registry.npmjs.org registry.npmjs.org:443
41 verbose stack     at errnoException (dns.js:28:10)
41 verbose stack     at GetAddrInfoReqWrap.onlookup [as oncomplete] (dns.js:73:26)
42 verbose cwd /Users/yaoyao/web/yy/thrush
43 error Darwin 16.3.0
44 error argv "/usr/local/Cellar/node/7.7.1/bin/node" "/usr/local/bin/npm" "install"
45 error node v7.7.1
46 error npm  v4.1.2
47 error code ENOTFOUND
48 error errno ENOTFOUND
49 error syscall getaddrinfo
50 error network getaddrinfo ENOTFOUND registry.npmjs.org registry.npmjs.org:443
51 error network This is most likely not a problem with npm itself
51 error network and is related to network connectivity.
51 error network In most cases you are behind a proxy or have bad network settings.
51 error network
51 error network If you are behind a proxy, please make sure that the
51 error network 'proxy' config is set properly.  See: 'npm help config'
52 verbose exit [ 1, true ]
